docker : #0 building with 
"desktop-linux" instance 
using docker driver
At line:1 char:1
+ docker build 
--progress=plain -t 
msty-crm . 2>&1 | 
Out-File -FilePath ...
+ ~~~~~~~~~~~~~~~~~~~~~~~~
~~~~~~~~~~~~~~~~~~~~~~~~
    + CategoryInfo        
      : NotSpecified: (#  
  0 building wit...g do   
 cker driver:String) [    
], RemoteException
    + FullyQualifiedError 
   Id : NativeCommandErr  
  or
 

#1 [internal] load build 
definition from Dockerfile
#1 transferring 
dockerfile: 941B 0.0s done
#1 DONE 0.1s

#2 [internal] load 
metadata for docker.io/lib
rary/node:20-alpine
#2 ...

#3 [auth] 
library/node:pull token 
for registry-1.docker.io
#3 DONE 0.0s

#2 [internal] load 
metadata for docker.io/lib
rary/node:20-alpine
#2 DONE 39.4s

#4 [internal] load 
.dockerignore
#4 transferring context:
#4 transferring context: 
115B 0.1s done
#4 DONE 0.1s

#5 [internal] load build 
context
#5 DONE 0.0s

#6 [builder 1/6] FROM dock
er.io/library/node:20-alpi
ne@sha256:f598378b5240225e
6beab68fa9f356db1fb8efe551
73e6d4d8153113bb8f333c
#6 resolve docker.io/libra
ry/node:20-alpine@sha256:f
598378b5240225e6beab68fa9f
356db1fb8efe55173e6d4d8153
113bb8f333c 0.1s done
#6 DONE 0.2s

#5 [internal] load build 
context
#5 transferring context: 
2.94kB 0.0s done
#5 DONE 0.1s

#7 [builder 2/6] WORKDIR 
/app
#7 CACHED

#8 [builder 3/6] COPY 
package.json 
package-lock.json ./
#8 CACHED

#9 [builder 4/6] RUN npm 
ci
#9 CACHED

#10 [builder 5/6] COPY . .
#10 DONE 1.0s

#11 [builder 6/6] RUN npm 
run build
#11 7.458 
#11 7.458 > 
msty-crm@0.1.0 build
#11 7.458 > next build
#11 7.458 
#11 3.414 Attention: 
Next.js now collects 
completely anonymous 
telemetry regarding usage.
#11 3.415 This 
information is used to 
shape Next.js' roadmap 
and prioritize features.
#11 3.415 You can learn 
more, including how to 
opt-out if you'd not like 
to participate in this 
anonymous program, by 
visiting the following 
URL:
#11 3.415 https://nextjs.o
rg/telemetry
#11 3.415 
#11 3.486 Γû▓ Next.js 
16.2.1 (Turbopack)
#11 3.487 
#11 3.701   Creating an 
optimized production 
build ...
